2025-01-03T12:59:40.805Z [error]: data and hash arguments required Error: data and hash arguments required
    at Object.compareSync (D:\Receipe Sharing App\ReceipeSharingBackend\recipe-sharing-backend\node_modules\bcrypt\bcrypt.js:166:15)
    at AuthService.<anonymous> (D:\Receipe Sharing App\ReceipeSharingBackend\recipe-sharing-backend\src\services\auth.service.ts:18:34)
    at Generator.next (<anonymous>)
    at fulfilled (D:\Receipe Sharing App\ReceipeSharingBackend\recipe-sharing-backend\src\services\auth.service.ts:5:58)
    at processTicksAndRejections (node:internal/process/task_queues:105:5)
2025-01-03T13:00:03.471Z [error]: data and hash arguments required Error: data and hash arguments required
    at Object.compareSync (D:\Receipe Sharing App\ReceipeSharingBackend\recipe-sharing-backend\node_modules\bcrypt\bcrypt.js:166:15)
    at AuthService.<anonymous> (D:\Receipe Sharing App\ReceipeSharingBackend\recipe-sharing-backend\src\services\auth.service.ts:18:34)
    at Generator.next (<anonymous>)
    at fulfilled (D:\Receipe Sharing App\ReceipeSharingBackend\recipe-sharing-backend\src\services\auth.service.ts:5:58)
    at processTicksAndRejections (node:internal/process/task_queues:105:5)

2025-01-03T13:35:59.647Z [error]: data and hash arguments required Error: data and hash arguments required
    at Object.compareSync (D:\Receipe Sharing App\ReceipeSharingBackend\recipe-sharing-backend\node_modules\bcrypt\bcrypt.js:166:15)
    at AuthService.<anonymous> (D:\Receipe Sharing App\ReceipeSharingBackend\recipe-sharing-backend\src\services\auth.service.ts:18:34)
    at Generator.next (<anonymous>)
    at fulfilled (D:\Receipe Sharing App\ReceipeSharingBackend\recipe-sharing-backend\src\services\auth.service.ts:5:58)
    at processTicksAndRejections (node:internal/process/task_queues:105:5)
2025-01-03T13:36:46.699Z [error]: data and hash arguments required Error: data and hash arguments required
    at Object.compareSync (D:\Receipe Sharing App\ReceipeSharingBackend\recipe-sharing-backend\node_modules\bcrypt\bcrypt.js:166:15)
    at AuthService.<anonymous> (D:\Receipe Sharing App\ReceipeSharingBackend\recipe-sharing-backend\src\services\auth.service.ts:18:34)
    at Generator.next (<anonymous>)
    at fulfilled (D:\Receipe Sharing App\ReceipeSharingBackend\recipe-sharing-backend\src\services\auth.service.ts:5:58)
    at processTicksAndRejections (node:internal/process/task_queues:105:5)
2025-01-03T13:37:07.379Z [error]: data and hash arguments required Error: data and hash arguments required
    at Object.compareSync (D:\Receipe Sharing App\ReceipeSharingBackend\recipe-sharing-backend\node_modules\bcrypt\bcrypt.js:166:15)
    at AuthService.<anonymous> (D:\Receipe Sharing App\ReceipeSharingBackend\recipe-sharing-backend\src\services\auth.service.ts:18:34)
    at Generator.next (<anonymous>)
    at fulfilled (D:\Receipe Sharing App\ReceipeSharingBackend\recipe-sharing-backend\src\services\auth.service.ts:5:58)
    at processTicksAndRejections (node:internal/process/task_queues:105:5)
2025-01-03T13:37:40.507Z [error]: data and hash arguments required Error: data and hash arguments required
    at Object.compareSync (D:\Receipe Sharing App\ReceipeSharingBackend\recipe-sharing-backend\node_modules\bcrypt\bcrypt.js:166:15)
    at AuthService.<anonymous> (D:\Receipe Sharing App\ReceipeSharingBackend\recipe-sharing-backend\src\services\auth.service.ts:18:34)
    at Generator.next (<anonymous>)
    at fulfilled (D:\Receipe Sharing App\ReceipeSharingBackend\recipe-sharing-backend\src\services\auth.service.ts:5:58)
    at processTicksAndRejections (node:internal/process/task_queues:105:5)
2025-01-03T13:38:43.992Z [error]: Cannot set headers after they are sent to the client Error: Cannot set headers after they are sent to the client
    at ServerResponse.setHeader (node:_http_outgoing:699:11)
    at ServerResponse.header (D:\Receipe Sharing App\ReceipeSharingBackend\recipe-sharing-backend\node_modules\express\lib\response.js:794:10)
    at ServerResponse.send (D:\Receipe Sharing App\ReceipeSharingBackend\recipe-sharing-backend\node_modules\express\lib\response.js:174:12)
    at ServerResponse.json (D:\Receipe Sharing App\ReceipeSharingBackend\recipe-sharing-backend\node_modules\express\lib\response.js:278:15)
    at responseStatus (D:\Receipe Sharing App\ReceipeSharingBackend\recipe-sharing-backend\src\helper\response.ts:3:24)
    at AuthService.<anonymous> (D:\Receipe Sharing App\ReceipeSharingBackend\recipe-sharing-backend\src\services\auth.service.ts:28:32)
    at Generator.next (<anonymous>)
    at fulfilled (D:\Receipe Sharing App\ReceipeSharingBackend\recipe-sharing-backend\src\services\auth.service.ts:5:58)
    at processTicksAndRejections (node:internal/process/task_queues:105:5)
2025-01-03T13:56:09.991Z [error]: Error during login: Invalid credentials Error: Invalid credentials
    at AuthService.<anonymous> (D:\Receipe Sharing App\ReceipeSharingBackend\recipe-sharing-backend\src\services\auth.service.ts:39:17)
    at Generator.next (<anonymous>)
    at fulfilled (D:\Receipe Sharing App\ReceipeSharingBackend\recipe-sharing-backend\src\services\auth.service.ts:5:58)
    at processTicksAndRejections (node:internal/process/task_queues:105:5)
2025-01-03T13:56:21.023Z [error]: Error during login: Invalid credentials Error: Invalid credentials
    at AuthService.<anonymous> (D:\Receipe Sharing App\ReceipeSharingBackend\recipe-sharing-backend\src\services\auth.service.ts:39:17)
    at Generator.next (<anonymous>)
    at fulfilled (D:\Receipe Sharing App\ReceipeSharingBackend\recipe-sharing-backend\src\services\auth.service.ts:5:58)
    at processTicksAndRejections (node:internal/process/task_queues:105:5)
2025-01-06T09:31:25.246Z [error]: stream is not readable InternalServerError: stream is not readable
    at readStream (D:\Receipe Sharing App\ReceipeSharingBackend\recipe-sharing-backend\node_modules\raw-body\index.js:185:17)
    at getRawBody (D:\Receipe Sharing App\ReceipeSharingBackend\recipe-sharing-backend\node_modules\raw-body\index.js:116:12)
    at read (D:\Receipe Sharing App\ReceipeSharingBackend\recipe-sharing-backend\node_modules\body-parser\lib\read.js:79:3)
    at jsonParser (D:\Receipe Sharing App\ReceipeSharingBackend\recipe-sharing-backend\node_modules\body-parser\lib\types\json.js:138:5)
    at Layer.handle [as handle_request] (D:\Receipe Sharing App\ReceipeSharingBackend\recipe-sharing-backend\node_modules\express\lib\router\layer.js:95:5)
    at trim_prefix (D:\Receipe Sharing App\ReceipeSharingBackend\recipe-sharing-backend\node_modules\express\lib\router\index.js:328:13)
    at D:\Receipe Sharing App\ReceipeSharingBackend\recipe-sharing-backend\node_modules\express\lib\router\index.js:286:9
    at Function.process_params (D:\Receipe Sharing App\ReceipeSharingBackend\recipe-sharing-backend\node_modules\express\lib\router\index.js:346:12)
    at next (D:\Receipe Sharing App\ReceipeSharingBackend\recipe-sharing-backend\node_modules\express\lib\router\index.js:280:10)
    at expressInit (D:\Receipe Sharing App\ReceipeSharingBackend\recipe-sharing-backend\node_modules\express\lib\middleware\init.js:40:5)
